0 info it worked if it ends with ok
1 verbose cli [ 'node', '/usr/local/bin/npm', 'run', 'build' ]
2 info using npm@2.10.1
3 info using node@v0.12.4
4 verbose run-script [ 'prebuild', 'build', 'postbuild' ]
5 info prebuild happyness-fruit@1.0.0
6 info build happyness-fruit@1.0.0
7 verbose unsafe-perm in lifecycle true
8 info happyness-fruit@1.0.0 Failed to exec build script
9 verbose stack Error: happyness-fruit@1.0.0 build: `browserify --debug index.js > bundle.js`
9 verbose stack Exit status 1
9 verbose stack     at EventEmitter.<anonymous> (/usr/local/lib/node_modules/npm/lib/utils/lifecycle.js:213:16)
9 verbose stack     at EventEmitter.emit (events.js:110:17)
9 verbose stack     at ChildProcess.<anonymous> (/usr/local/lib/node_modules/npm/lib/utils/spawn.js:24:14)
9 verbose stack     at ChildProcess.emit (events.js:110:17)
9 verbose stack     at maybeClose (child_process.js:1015:16)
9 verbose stack     at Process.ChildProcess._handle.onexit (child_process.js:1087:5)
10 verbose pkgid happyness-fruit@1.0.0
11 verbose cwd /Library/Tomcat/webapps/happyness-fruit
12 error Darwin 15.0.0
13 error argv "node" "/usr/local/bin/npm" "run" "build"
14 error node v0.12.4
15 error npm  v2.10.1
16 error code ELIFECYCLE
17 error happyness-fruit@1.0.0 build: `browserify --debug index.js > bundle.js`
17 error Exit status 1
18 error Failed at the happyness-fruit@1.0.0 build script 'browserify --debug index.js > bundle.js'.
18 error This is most likely a problem with the happyness-fruit package,
18 error not with npm itself.
18 error Tell the author that this fails on your system:
18 error     browserify --debug index.js > bundle.js
18 error You can get their info via:
18 error     npm owner ls happyness-fruit
18 error There is likely additional logging output above.
19 verbose exit [ 1, true ]
